<?xml version="1.0" encoding="UTF-8"?>
<robot generator="Robot 3.2.1 (Python 3.7.7 on darwin)" generated="20200507 14:15:25.006" rpa="false">
<suite id="s1" name="Testcase 01" source="/Users/alanoudjrayes/test/Testcases/Testcase_01.robot">
<test id="s1-t1" name="Test1_Profitable_Hospital">
<kw name="Start Browser and Maximize" library="Resources1">
<kw name="Open Browser" library="Selenium2Library">
<doc>Opens a new browser instance to the optional ``url``.</doc>
<arguments>
<arg>${URL}</arg>
<arg>${Browser}</arg>
</arguments>
<msg timestamp="20200507 14:15:25.286" level="INFO">Opening browser 'Chrome' to base url 'https://sehaportal.t2.sa/Account/Login'.</msg>
<status status="PASS" starttime="20200507 14:15:25.286" endtime="20200507 14:15:28.998"></status>
</kw>
<kw name="Maximize Browser Window" library="Selenium2Library">
<doc>Maximizes current browser window.</doc>
<status status="PASS" starttime="20200507 14:15:28.999" endtime="20200507 14:15:29.140"></status>
</kw>
<status status="PASS" starttime="20200507 14:15:25.286" endtime="20200507 14:15:29.140"></status>
</kw>
<kw name="Login_Entity" library="POlogin">
<kw name="Input Text" library="Selenium2Library">
<doc>Types the given ``text`` into the text field identified by ``locator``.</doc>
<arguments>
<arg>id=UserName</arg>
<arg>${ID_Entity}</arg>
</arguments>
<msg timestamp="20200507 14:15:29.141" level="INFO">Typing text '1111111131' into text field 'id=UserName'.</msg>
<status status="PASS" starttime="20200507 14:15:29.141" endtime="20200507 14:15:29.258"></status>
</kw>
<kw name="Input Password" library="Selenium2Library">
<doc>Types the given password into the text field identified by ``locator``.</doc>
<arguments>
<arg>id=Password</arg>
<arg>${Passowrd}</arg>
</arguments>
<msg timestamp="20200507 14:15:29.259" level="INFO">Typing password into text field 'id=Password'.</msg>
<msg timestamp="20200507 14:15:29.290" level="INFO">Temporally setting log level to: NONE</msg>
<msg timestamp="20200507 14:15:29.335" level="INFO">Log level changed from NONE to INFO.</msg>
<status status="PASS" starttime="20200507 14:15:29.258" endtime="20200507 14:15:29.335"></status>
</kw>
<kw name="Click Button" library="Selenium2Library">
<doc>Clicks the button identified by ``locator``.</doc>
<arguments>
<arg>id=LoginButton</arg>
</arguments>
<msg timestamp="20200507 14:15:29.335" level="INFO">Clicking button 'id=LoginButton'.</msg>
<status status="PASS" starttime="20200507 14:15:29.335" endtime="20200507 14:15:29.396"></status>
</kw>
<status status="PASS" starttime="20200507 14:15:29.140" endtime="20200507 14:15:29.396"></status>
</kw>
<kw name="Selecting_Entity" library="Resources1">
<arguments>
<arg>${entity}</arg>
</arguments>
<kw name="Wait Until Element Is Visible" library="Selenium2Library">
<doc>Waits until the element ``locator`` is visible.</doc>
<arguments>
<arg>${Entity}</arg>
</arguments>
<status status="PASS" starttime="20200507 14:15:29.397" endtime="20200507 14:15:29.838"></status>
</kw>
<kw name="Click Element" library="Selenium2Library">
<doc>Click the element identified by ``locator``.</doc>
<arguments>
<arg>${Entity}</arg>
</arguments>
<msg timestamp="20200507 14:15:29.838" level="INFO">Clicking element '//*[@id="32617"]'.</msg>
<status status="PASS" starttime="20200507 14:15:29.838" endtime="20200507 14:15:29.893"></status>
</kw>
<status status="PASS" starttime="20200507 14:15:29.397" endtime="20200507 14:15:29.893"></status>
</kw>
<kw name="Navigating_to_MedicalCoding" library="Resources1">
<kw name="Wait Until Element Is Visible" library="Selenium2Library">
<doc>Waits until the element ``locator`` is visible.</doc>
<arguments>
<arg>//span[text()="أهلا و سهلا بكم في منصة صحة"]</arg>
</arguments>
<status status="PASS" starttime="20200507 14:15:29.894" endtime="20200507 14:15:31.778"></status>
</kw>
<kw name="Click Element" library="Selenium2Library">
<doc>Click the element identified by ``locator``.</doc>
<arguments>
<arg>id=li_menu_item_7</arg>
</arguments>
<msg timestamp="20200507 14:15:31.778" level="INFO">Clicking element 'id=li_menu_item_7'.</msg>
<status status="PASS" starttime="20200507 14:15:31.778" endtime="20200507 14:15:31.843"></status>
</kw>
<kw name="Click Element" library="Selenium2Library">
<doc>Click the element identified by ``locator``.</doc>
<arguments>
<arg>id=li_menu_Child_24</arg>
</arguments>
<msg timestamp="20200507 14:15:31.843" level="INFO">Clicking element 'id=li_menu_Child_24'.</msg>
<status status="PASS" starttime="20200507 14:15:31.843" endtime="20200507 14:15:33.717"></status>
</kw>
<kw name="Click Element" library="Selenium2Library">
<doc>Click the element identified by ``locator``.</doc>
<arguments>
<arg>id=li_menu_Child_24</arg>
</arguments>
<msg timestamp="20200507 14:15:33.718" level="INFO">Clicking element 'id=li_menu_Child_24'.</msg>
<status status="PASS" starttime="20200507 14:15:33.717" endtime="20200507 14:15:35.052"></status>
</kw>
<kw name="Select Frame" library="Selenium2Library">
<doc>Sets frame identified by ``locator`` as the current frame.</doc>
<arguments>
<arg>id=iframeAmanatService</arg>
</arguments>
<msg timestamp="20200507 14:15:35.052" level="INFO">Selecting frame 'id=iframeAmanatService'.</msg>
<status status="PASS" starttime="20200507 14:15:35.052" endtime="20200507 14:15:35.079"></status>
</kw>
<kw name="Wait Until Element Is Visible" library="Selenium2Library">
<doc>Waits until the element ``locator`` is visible.</doc>
<arguments>
<arg>//*[@id="root"]/div/div/div[2]/div[2]/div[2]/div/div/a/a</arg>
</arguments>
<status status="PASS" starttime="20200507 14:15:35.079" endtime="20200507 14:15:35.275"></status>
</kw>
<kw name="Click Element" library="Selenium2Library">
<doc>Click the element identified by ``locator``.</doc>
<arguments>
<arg>//*[@id="root"]/div/div/div[2]/div[2]/div[2]/div/div/a/a</arg>
</arguments>
<msg timestamp="20200507 14:15:35.275" level="INFO">Clicking element '//*[@id="root"]/div/div/div[2]/div[2]/div[2]/div/div/a/a'.</msg>
<status status="PASS" starttime="20200507 14:15:35.275" endtime="20200507 14:15:35.438"></status>
</kw>
<kw name="Scroll Element Into View" library="Selenium2Library">
<doc>Scrolls the element identified by ``locator`` into view.</doc>
<arguments>
<arg>//*[@id="root"]/div/div[2]/div/div[1]/div[4]/div/div</arg>
</arguments>
<status status="PASS" starttime="20200507 14:15:35.438" endtime="20200507 14:15:35.782"></status>
</kw>
<status status="PASS" starttime="20200507 14:15:29.894" endtime="20200507 14:15:35.782"></status>
</kw>
<kw name="Form Fields" library="POformHospitalProfit">
<kw name="Input Text" library="Selenium2Library">
<doc>Types the given ``text`` into the text field identified by ``locator``.</doc>
<arguments>
<arg>(//*[@id="outlined-dense"][1])[3]</arg>
<arg>${Visits}</arg>
</arguments>
<msg timestamp="20200507 14:15:35.783" level="INFO">Typing text '1000' into text field '(//*[@id="outlined-dense"][1])[3]'.</msg>
<status status="PASS" starttime="20200507 14:15:35.783" endtime="20200507 14:15:35.865"></status>
</kw>
<kw name="Input Text" library="Selenium2Library">
<doc>Types the given ``text`` into the text field identified by ``locator``.</doc>
<arguments>
<arg>(//*[@id="outlined-dense"][1])[4]</arg>
<arg>${ManagerName}</arg>
</arguments>
<msg timestamp="20200507 14:15:35.866" level="INFO">Typing text 'Alanoud' into text field '(//*[@id="outlined-dense"][1])[4]'.</msg>
<status status="PASS" starttime="20200507 14:15:35.865" endtime="20200507 14:15:35.972"></status>
</kw>
<kw name="Input Text" library="Selenium2Library">
<doc>Types the given ``text`` into the text field identified by ``locator``.</doc>
<arguments>
<arg>(//*[@id="outlined-dense"][1])[5]</arg>
<arg>${ManagerMobile}</arg>
</arguments>
<msg timestamp="20200507 14:15:35.973" level="INFO">Typing text '0505444348' into text field '(//*[@id="outlined-dense"][1])[5]'.</msg>
<status status="PASS" starttime="20200507 14:15:35.973" endtime="20200507 14:15:36.101"></status>
</kw>
<kw name="Input Text" library="Selenium2Library">
<doc>Types the given ``text`` into the text field identified by ``locator``.</doc>
<arguments>
<arg>(//*[@id="outlined-dense"][1])[6]</arg>
<arg>${ManagerEmail}</arg>
</arguments>
<msg timestamp="20200507 14:15:36.102" level="INFO">Typing text 'alanoud@sa.sa' into text field '(//*[@id="outlined-dense"][1])[6]'.</msg>
<status status="PASS" starttime="20200507 14:15:36.101" endtime="20200507 14:15:36.249"></status>
</kw>
<kw name="Click Element" library="Selenium2Library">
<doc>Click the element identified by ``locator``.</doc>
<arguments>
<arg>(//div[@class="jss160 jss163 jss39 jss174"][1])[1]</arg>
</arguments>
<msg timestamp="20200507 14:15:36.250" level="INFO">Clicking element '(//div[@class="jss160 jss163 jss39 jss174"][1])[1]'.</msg>
<status status="PASS" starttime="20200507 14:15:36.249" endtime="20200507 14:15:36.342"></status>
</kw>
<kw name="Click Element" library="Selenium2Library">
<doc>Click the element identified by ``locator``.</doc>
<arguments>
<arg>//*[@id="menu-"]/div[2]/ul/li[2]</arg>
</arguments>
<msg timestamp="20200507 14:15:36.342" level="INFO">Clicking element '//*[@id="menu-"]/div[2]/ul/li[2]'.</msg>
<status status="PASS" starttime="20200507 14:15:36.342" endtime="20200507 14:15:36.428"></status>
</kw>
<kw name="Click Element" library="Selenium2Library">
<doc>Click the element identified by ``locator``.</doc>
<arguments>
<arg>(//input[@class="jss208"])[3]</arg>
</arguments>
<msg timestamp="20200507 14:15:36.428" level="INFO">Clicking element '(//input[@class="jss208"])[3]'.</msg>
<status status="PASS" starttime="20200507 14:15:36.428" endtime="20200507 14:15:36.782"></status>
</kw>
<kw name="Click Element" library="Selenium2Library">
<doc>Click the element identified by ``locator``.</doc>
<arguments>
<arg>(//input[@class="jss208"])[6]</arg>
</arguments>
<msg timestamp="20200507 14:15:36.783" level="INFO">Clicking element '(//input[@class="jss208"])[6]'.</msg>
<status status="PASS" starttime="20200507 14:15:36.782" endtime="20200507 14:15:36.876"></status>
</kw>
<kw name="Click Element" library="Selenium2Library">
<doc>Click the element identified by ``locator``.</doc>
<arguments>
<arg>(//input[@class="jss208"])[9]</arg>
</arguments>
<msg timestamp="20200507 14:15:36.876" level="INFO">Clicking element '(//input[@class="jss208"])[9]'.</msg>
<status status="PASS" starttime="20200507 14:15:36.876" endtime="20200507 14:15:36.952"></status>
</kw>
<kw name="Click Element" library="Selenium2Library">
<doc>Click the element identified by ``locator``.</doc>
<arguments>
<arg>(//input[@class="jss208"])[10]</arg>
</arguments>
<msg timestamp="20200507 14:15:36.953" level="INFO">Clicking element '(//input[@class="jss208"])[10]'.</msg>
<status status="PASS" starttime="20200507 14:15:36.953" endtime="20200507 14:15:37.032"></status>
</kw>
<kw name="Click Element" library="Selenium2Library">
<doc>Click the element identified by ``locator``.</doc>
<arguments>
<arg>(//input[@class="jss208"])[15]</arg>
</arguments>
<msg timestamp="20200507 14:15:37.032" level="INFO">Clicking element '(//input[@class="jss208"])[15]'.</msg>
<status status="PASS" starttime="20200507 14:15:37.032" endtime="20200507 14:15:37.125"></status>
</kw>
<kw name="Click Element" library="Selenium2Library">
<doc>Click the element identified by ``locator``.</doc>
<arguments>
<arg>(//input[@class="jss208"])[17]</arg>
</arguments>
<msg timestamp="20200507 14:15:37.125" level="INFO">Clicking element '(//input[@class="jss208"])[17]'.</msg>
<status status="PASS" starttime="20200507 14:15:37.125" endtime="20200507 14:15:37.199"></status>
</kw>
<kw name="Click Element" library="Selenium2Library">
<doc>Click the element identified by ``locator``.</doc>
<arguments>
<arg>(//input[@class="jss208"])[19]</arg>
</arguments>
<msg timestamp="20200507 14:15:37.199" level="INFO">Clicking element '(//input[@class="jss208"])[19]'.</msg>
<status status="PASS" starttime="20200507 14:15:37.199" endtime="20200507 14:15:37.280"></status>
</kw>
<kw name="Click Element" library="Selenium2Library">
<doc>Click the element identified by ``locator``.</doc>
<arguments>
<arg>//button[@class="jss74 jss48 jss59 jss62 jss147"]</arg>
</arguments>
<msg timestamp="20200507 14:15:37.280" level="INFO">Clicking element '//button[@class="jss74 jss48 jss59 jss62 jss147"]'.</msg>
<status status="PASS" starttime="20200507 14:15:37.280" endtime="20200507 14:15:37.377"></status>
</kw>
<kw name="Click Element" library="Selenium2Library">
<doc>Click the element identified by ``locator``.</doc>
<arguments>
<arg>//button[@class="jss74 jss48 jss50 jss53 jss152"]</arg>
</arguments>
<msg timestamp="20200507 14:15:37.378" level="INFO">Clicking element '//button[@class="jss74 jss48 jss50 jss53 jss152"]'.</msg>
<status status="PASS" starttime="20200507 14:15:37.377" endtime="20200507 14:15:37.454"></status>
</kw>
<status status="PASS" starttime="20200507 14:15:35.782" endtime="20200507 14:15:37.454"></status>
</kw>
<kw name="Set Screenshot Directory" library="Selenium2Library">
<doc>Sets the directory for captured screenshots.</doc>
<arguments>
<arg>path, persist=False</arg>
</arguments>
<status status="PASS" starttime="20200507 14:15:37.454" endtime="20200507 14:15:37.455"></status>
</kw>
<status status="PASS" starttime="20200507 14:15:25.285" endtime="20200507 14:15:37.455" critical="yes"></status>
</test>
<status status="PASS" starttime="20200507 14:15:25.007" endtime="20200507 14:15:37.456"></status>
</suite>
<statistics>
<total>
<stat pass="1" fail="0">Critical Tests</stat>
<stat pass="1" fail="0">All Tests</stat>
</total>
<tag>
</tag>
<suite>
<stat pass="1" fail="0" id="s1" name="Testcase 01">Testcase 01</stat>
</suite>
</statistics>
<errors>
</errors>
</robot>
