<?xml version="1.0" encoding="UTF-8"?>
<robot generator="Robot 3.1.2 (Python 3.7.1 on darwin)" generated="20200504 17:14:32.261" rpa="false">
<suite id="s1" name="Testcase 01" source="/Users/alanoudjrayes/test/Testcases/Testcase_01.robot">
<test id="s1-t1" name="Test1">
<kw name="Start Browser and Maximize" library="Resources1">
<kw name="Open Browser" library="Selenium2Library">
<doc>Opens a new browser instance to the optional ``url``.</doc>
<arguments>
<arg>${URL}</arg>
<arg>${Browser}</arg>
</arguments>
<msg timestamp="20200504 17:14:32.457" level="INFO">Opening browser 'Chrome' to base url 'https://sehaportal.t2.sa/Account/Login'.</msg>
<status status="PASS" starttime="20200504 17:14:32.456" endtime="20200504 17:14:36.273"></status>
</kw>
<kw name="Maximize Browser Window" library="Selenium2Library">
<doc>Maximizes current browser window.</doc>
<status status="PASS" starttime="20200504 17:14:36.274" endtime="20200504 17:14:36.414"></status>
</kw>
<status status="PASS" starttime="20200504 17:14:32.456" endtime="20200504 17:14:36.414"></status>
</kw>
<kw name="Login_Entity" library="POlogin">
<kw name="Input Text" library="Selenium2Library">
<doc>Types the given ``text`` into the text field identified by ``locator``.</doc>
<arguments>
<arg>id=UserName</arg>
<arg>${ID_Entity}</arg>
</arguments>
<msg timestamp="20200504 17:14:36.415" level="INFO">Typing text '1111111131' into text field 'id=UserName'.</msg>
<status status="PASS" starttime="20200504 17:14:36.415" endtime="20200504 17:14:36.542"></status>
</kw>
<kw name="Input Password" library="Selenium2Library">
<doc>Types the given password into the text field identified by ``locator``.</doc>
<arguments>
<arg>id=Password</arg>
<arg>${Passowrd}</arg>
</arguments>
<msg timestamp="20200504 17:14:36.543" level="INFO">Typing password into text field 'id=Password'.</msg>
<msg timestamp="20200504 17:14:36.576" level="INFO">Temporally setting log level to: NONE</msg>
<msg timestamp="20200504 17:14:36.623" level="INFO">Log level changed from NONE to INFO.</msg>
<status status="PASS" starttime="20200504 17:14:36.542" endtime="20200504 17:14:36.623"></status>
</kw>
<kw name="Click Button" library="Selenium2Library">
<doc>Clicks the button identified by ``locator``.</doc>
<arguments>
<arg>id=LoginButton</arg>
</arguments>
<msg timestamp="20200504 17:14:36.623" level="INFO">Clicking button 'id=LoginButton'.</msg>
<status status="PASS" starttime="20200504 17:14:36.623" endtime="20200504 17:14:36.685"></status>
</kw>
<status status="PASS" starttime="20200504 17:14:36.414" endtime="20200504 17:14:36.685"></status>
</kw>
<kw name="Selecting_Entity" library="Resources1">
<arguments>
<arg>${entity}</arg>
</arguments>
<kw name="Wait Until Element Is Visible" library="Selenium2Library">
<doc>Waits until the element ``locator`` is visible.</doc>
<arguments>
<arg>${Entity}</arg>
</arguments>
<status status="PASS" starttime="20200504 17:14:36.686" endtime="20200504 17:14:37.139"></status>
</kw>
<kw name="Click Element" library="Selenium2Library">
<doc>Click the element identified by ``locator``.</doc>
<arguments>
<arg>${Entity}</arg>
</arguments>
<msg timestamp="20200504 17:14:37.139" level="INFO">Clicking element '//*[@id="33799"]'.</msg>
<status status="PASS" starttime="20200504 17:14:37.139" endtime="20200504 17:14:37.183"></status>
</kw>
<status status="PASS" starttime="20200504 17:14:36.685" endtime="20200504 17:14:37.183"></status>
</kw>
<kw name="Navigating_to_MedicalCoding" library="Resources1">
<kw name="Wait Until Element Is Visible" library="Selenium2Library">
<doc>Waits until the element ``locator`` is visible.</doc>
<arguments>
<arg>//span[text()="أهلا و سهلا بكم في منصة صحة"]</arg>
</arguments>
<status status="PASS" starttime="20200504 17:14:37.184" endtime="20200504 17:14:39.103"></status>
</kw>
<kw name="Click Element" library="Selenium2Library">
<doc>Click the element identified by ``locator``.</doc>
<arguments>
<arg>id=li_menu_item_7</arg>
</arguments>
<msg timestamp="20200504 17:14:39.104" level="INFO">Clicking element 'id=li_menu_item_7'.</msg>
<status status="PASS" starttime="20200504 17:14:39.104" endtime="20200504 17:14:39.176"></status>
</kw>
<kw name="Click Element" library="Selenium2Library">
<doc>Click the element identified by ``locator``.</doc>
<arguments>
<arg>id=li_menu_Child_24</arg>
</arguments>
<msg timestamp="20200504 17:14:39.176" level="INFO">Clicking element 'id=li_menu_Child_24'.</msg>
<status status="PASS" starttime="20200504 17:14:39.176" endtime="20200504 17:14:41.208"></status>
</kw>
<kw name="Click Element" library="Selenium2Library">
<doc>Click the element identified by ``locator``.</doc>
<arguments>
<arg>id=li_menu_Child_24</arg>
</arguments>
<msg timestamp="20200504 17:14:41.208" level="INFO">Clicking element 'id=li_menu_Child_24'.</msg>
<status status="PASS" starttime="20200504 17:14:41.208" endtime="20200504 17:14:42.412"></status>
</kw>
<kw name="Select Frame" library="Selenium2Library">
<doc>Sets frame identified by ``locator`` as the current frame.</doc>
<arguments>
<arg>id=iframeAmanatService</arg>
</arguments>
<msg timestamp="20200504 17:14:42.412" level="INFO">Selecting frame 'id=iframeAmanatService'.</msg>
<status status="PASS" starttime="20200504 17:14:42.412" endtime="20200504 17:14:42.445"></status>
</kw>
<kw name="Wait Until Element Is Visible" library="Selenium2Library">
<doc>Waits until the element ``locator`` is visible.</doc>
<arguments>
<arg>//*[@id="root"]/div/div/div[2]/div[2]/div[2]/div/div/a/a</arg>
</arguments>
<status status="PASS" starttime="20200504 17:14:42.445" endtime="20200504 17:14:42.673"></status>
</kw>
<kw name="Click Element" library="Selenium2Library">
<doc>Click the element identified by ``locator``.</doc>
<arguments>
<arg>//*[@id="root"]/div/div/div[2]/div[2]/div[2]/div/div/a/a</arg>
</arguments>
<msg timestamp="20200504 17:14:42.674" level="INFO">Clicking element '//*[@id="root"]/div/div/div[2]/div[2]/div[2]/div/div/a/a'.</msg>
<status status="PASS" starttime="20200504 17:14:42.674" endtime="20200504 17:14:42.819"></status>
</kw>
<kw name="Scroll Element Into View" library="Selenium2Library">
<doc>Scrolls the element identified by ``locator`` into view.</doc>
<arguments>
<arg>//*[@id="root"]/div/div[2]/div/div[1]/div[4]/div/div</arg>
</arguments>
<status status="PASS" starttime="20200504 17:14:42.819" endtime="20200504 17:14:43.117"></status>
</kw>
<status status="PASS" starttime="20200504 17:14:37.183" endtime="20200504 17:14:43.117"></status>
</kw>
<kw name="Form Fields" library="POform2">
<kw name="Input Text" library="Selenium2Library">
<doc>Types the given ``text`` into the text field identified by ``locator``.</doc>
<arguments>
<arg>(//*[@id="outlined-dense"][1])[3]</arg>
<arg>${Visits}</arg>
</arguments>
<msg timestamp="20200504 17:14:43.118" level="INFO">Typing text '1000' into text field '(//*[@id="outlined-dense"][1])[3]'.</msg>
<status status="PASS" starttime="20200504 17:14:43.118" endtime="20200504 17:14:43.210"></status>
</kw>
<kw name="Input Text" library="Selenium2Library">
<doc>Types the given ``text`` into the text field identified by ``locator``.</doc>
<arguments>
<arg>(//*[@id="outlined-dense"][1])[3]</arg>
<arg>Alanoud</arg>
</arguments>
<msg timestamp="20200504 17:14:43.210" level="INFO">Typing text 'Alanoud' into text field '(//*[@id="outlined-dense"][1])[3]'.</msg>
<status status="PASS" starttime="20200504 17:14:43.210" endtime="20200504 17:14:43.284"></status>
</kw>
<kw name="Input Text" library="Selenium2Library">
<doc>Types the given ``text`` into the text field identified by ``locator``.</doc>
<arguments>
<arg>(//*[@id="outlined-dense"][1])[4]</arg>
<arg>0505444348</arg>
</arguments>
<msg timestamp="20200504 17:14:43.284" level="INFO">Typing text '0505444348' into text field '(//*[@id="outlined-dense"][1])[4]'.</msg>
<status status="PASS" starttime="20200504 17:14:43.284" endtime="20200504 17:14:43.414"></status>
</kw>
<kw name="Input Text" library="Selenium2Library">
<doc>Types the given ``text`` into the text field identified by ``locator``.</doc>
<arguments>
<arg>(//*[@id="outlined-dense"][1])[5]</arg>
<arg>alanoud@sa.sa</arg>
</arguments>
<msg timestamp="20200504 17:14:43.414" level="INFO">Typing text 'alanoud@sa.sa' into text field '(//*[@id="outlined-dense"][1])[5]'.</msg>
<status status="PASS" starttime="20200504 17:14:43.414" endtime="20200504 17:14:43.555"></status>
</kw>
<kw name="Click Element" library="Selenium2Library">
<doc>Click the element identified by ``locator``.</doc>
<arguments>
<arg>(//div[@class="jss160 jss163 jss39 jss174"][1])[1]</arg>
</arguments>
<msg timestamp="20200504 17:14:43.555" level="INFO">Clicking element '(//div[@class="jss160 jss163 jss39 jss174"][1])[1]'.</msg>
<status status="PASS" starttime="20200504 17:14:43.555" endtime="20200504 17:14:43.647"></status>
</kw>
<kw name="Click Element" library="Selenium2Library">
<doc>Click the element identified by ``locator``.</doc>
<arguments>
<arg>(//li[@class="jss74 jss305 jss308 jss313 jss314 jss302 jss303 jss146"])[2]</arg>
</arguments>
<msg timestamp="20200504 17:14:43.647" level="INFO">Clicking element '(//li[@class="jss74 jss305 jss308 jss313 jss314 jss302 jss303 jss146"])[2]'.</msg>
<status status="PASS" starttime="20200504 17:14:43.647" endtime="20200504 17:14:43.749"></status>
</kw>
<kw name="Click Element" library="Selenium2Library">
<doc>Click the element identified by ``locator``.</doc>
<arguments>
<arg>(//input[@class="jss208"])[3]</arg>
</arguments>
<msg timestamp="20200504 17:14:43.750" level="INFO">Clicking element '(//input[@class="jss208"])[3]'.</msg>
<status status="PASS" starttime="20200504 17:14:43.749" endtime="20200504 17:14:44.104"></status>
</kw>
<kw name="Click Element" library="Selenium2Library">
<doc>Click the element identified by ``locator``.</doc>
<arguments>
<arg>(//input[@class="jss208"])[5]</arg>
</arguments>
<msg timestamp="20200504 17:14:44.105" level="INFO">Clicking element '(//input[@class="jss208"])[5]'.</msg>
<status status="PASS" starttime="20200504 17:14:44.105" endtime="20200504 17:14:44.293"></status>
</kw>
<kw name="Click Element" library="Selenium2Library">
<doc>Click the element identified by ``locator``.</doc>
<arguments>
<arg>(//input[@class="jss208"])[9]</arg>
</arguments>
<msg timestamp="20200504 17:14:44.294" level="INFO">Clicking element '(//input[@class="jss208"])[9]'.</msg>
<status status="PASS" starttime="20200504 17:14:44.294" endtime="20200504 17:14:44.399"></status>
</kw>
<kw name="Click Element" library="Selenium2Library">
<doc>Click the element identified by ``locator``.</doc>
<arguments>
<arg>(//input[@class="jss208"])[10]</arg>
</arguments>
<msg timestamp="20200504 17:14:44.399" level="INFO">Clicking element '(//input[@class="jss208"])[10]'.</msg>
<status status="PASS" starttime="20200504 17:14:44.399" endtime="20200504 17:14:44.497"></status>
</kw>
<kw name="Click Element" library="Selenium2Library">
<doc>Click the element identified by ``locator``.</doc>
<arguments>
<arg>(//input[@class="jss208"])[15]</arg>
</arguments>
<msg timestamp="20200504 17:14:44.497" level="INFO">Clicking element '(//input[@class="jss208"])[15]'.</msg>
<status status="PASS" starttime="20200504 17:14:44.497" endtime="20200504 17:14:44.594"></status>
</kw>
<kw name="Click Element" library="Selenium2Library">
<doc>Click the element identified by ``locator``.</doc>
<arguments>
<arg>(//input[@class="jss208"])[17]</arg>
</arguments>
<msg timestamp="20200504 17:14:44.595" level="INFO">Clicking element '(//input[@class="jss208"])[17]'.</msg>
<status status="PASS" starttime="20200504 17:14:44.595" endtime="20200504 17:14:44.675"></status>
</kw>
<kw name="Click Element" library="Selenium2Library">
<doc>Click the element identified by ``locator``.</doc>
<arguments>
<arg>(//input[@class="jss208"])[19]</arg>
</arguments>
<msg timestamp="20200504 17:14:44.675" level="INFO">Clicking element '(//input[@class="jss208"])[19]'.</msg>
<kw name="Capture Page Screenshot" library="Selenium2Library">
<doc>Takes a screenshot of the current page and embeds it into a log file.</doc>
<msg timestamp="20200504 17:14:45.431" level="INFO" html="yes">&lt;/td&gt;&lt;/tr&gt;&lt;tr&gt;&lt;td colspan="3"&gt;&lt;a href="selenium-screenshot-18.png"&gt;&lt;img src="selenium-screenshot-18.png" width="800px"&gt;&lt;/a&gt;</msg>
<status status="PASS" starttime="20200504 17:14:44.684" endtime="20200504 17:14:45.431"></status>
</kw>
<msg timestamp="20200504 17:14:45.461" level="FAIL">Element with locator '(//input[@class="jss208"])[19]' not found.</msg>
<status status="FAIL" starttime="20200504 17:14:44.675" endtime="20200504 17:14:45.462"></status>
</kw>
<status status="FAIL" starttime="20200504 17:14:43.118" endtime="20200504 17:14:45.462"></status>
</kw>
<status status="FAIL" starttime="20200504 17:14:32.455" endtime="20200504 17:14:45.462" critical="yes">Element with locator '(//input[@class="jss208"])[19]' not found.</status>
</test>
<test id="s1-t2" name="Test2">
<kw name="Start Browser and Maximize" library="Resources1">
<kw name="Open Browser" library="Selenium2Library">
<doc>Opens a new browser instance to the optional ``url``.</doc>
<arguments>
<arg>${URL}</arg>
<arg>${Browser}</arg>
</arguments>
<msg timestamp="20200504 17:14:45.464" level="INFO">Opening browser 'Chrome' to base url 'https://sehaportal.t2.sa/Account/Login'.</msg>
<status status="PASS" starttime="20200504 17:14:45.463" endtime="20200504 17:14:48.855"></status>
</kw>
<kw name="Maximize Browser Window" library="Selenium2Library">
<doc>Maximizes current browser window.</doc>
<status status="PASS" starttime="20200504 17:14:48.856" endtime="20200504 17:14:49.117"></status>
</kw>
<status status="PASS" starttime="20200504 17:14:45.463" endtime="20200504 17:14:49.117"></status>
</kw>
<kw name="Login_Entity" library="POlogin">
<kw name="Input Text" library="Selenium2Library">
<doc>Types the given ``text`` into the text field identified by ``locator``.</doc>
<arguments>
<arg>id=UserName</arg>
<arg>${ID_Entity}</arg>
</arguments>
<msg timestamp="20200504 17:14:49.118" level="INFO">Typing text '1111111131' into text field 'id=UserName'.</msg>
<status status="PASS" starttime="20200504 17:14:49.118" endtime="20200504 17:14:49.285"></status>
</kw>
<kw name="Input Password" library="Selenium2Library">
<doc>Types the given password into the text field identified by ``locator``.</doc>
<arguments>
<arg>id=Password</arg>
<arg>${Passowrd}</arg>
</arguments>
<msg timestamp="20200504 17:14:49.285" level="INFO">Typing password into text field 'id=Password'.</msg>
<msg timestamp="20200504 17:14:49.321" level="INFO">Temporally setting log level to: NONE</msg>
<msg timestamp="20200504 17:14:49.387" level="INFO">Log level changed from NONE to INFO.</msg>
<status status="PASS" starttime="20200504 17:14:49.285" endtime="20200504 17:14:49.388"></status>
</kw>
<kw name="Click Button" library="Selenium2Library">
<doc>Clicks the button identified by ``locator``.</doc>
<arguments>
<arg>id=LoginButton</arg>
</arguments>
<msg timestamp="20200504 17:14:49.388" level="INFO">Clicking button 'id=LoginButton'.</msg>
<status status="PASS" starttime="20200504 17:14:49.388" endtime="20200504 17:14:49.455"></status>
</kw>
<status status="PASS" starttime="20200504 17:14:49.117" endtime="20200504 17:14:49.455"></status>
</kw>
<kw name="Selecting_Entity" library="Resources1">
<arguments>
<arg>${entity}</arg>
</arguments>
<kw name="Wait Until Element Is Visible" library="Selenium2Library">
<doc>Waits until the element ``locator`` is visible.</doc>
<arguments>
<arg>${Entity}</arg>
</arguments>
<status status="PASS" starttime="20200504 17:14:49.456" endtime="20200504 17:14:50.118"></status>
</kw>
<kw name="Click Element" library="Selenium2Library">
<doc>Click the element identified by ``locator``.</doc>
<arguments>
<arg>${Entity}</arg>
</arguments>
<msg timestamp="20200504 17:14:50.118" level="INFO">Clicking element '//*[@id="33799"]'.</msg>
<status status="PASS" starttime="20200504 17:14:50.118" endtime="20200504 17:14:50.257"></status>
</kw>
<status status="PASS" starttime="20200504 17:14:49.455" endtime="20200504 17:14:50.257"></status>
</kw>
<kw name="Navigating_to_MedicalCoding" library="Resources1">
<kw name="Wait Until Element Is Visible" library="Selenium2Library">
<doc>Waits until the element ``locator`` is visible.</doc>
<arguments>
<arg>//span[text()="أهلا و سهلا بكم في منصة صحة"]</arg>
</arguments>
<status status="PASS" starttime="20200504 17:14:50.257" endtime="20200504 17:14:52.194"></status>
</kw>
<kw name="Click Element" library="Selenium2Library">
<doc>Click the element identified by ``locator``.</doc>
<arguments>
<arg>id=li_menu_item_7</arg>
</arguments>
<msg timestamp="20200504 17:14:52.194" level="INFO">Clicking element 'id=li_menu_item_7'.</msg>
<status status="PASS" starttime="20200504 17:14:52.194" endtime="20200504 17:14:52.279"></status>
</kw>
<kw name="Click Element" library="Selenium2Library">
<doc>Click the element identified by ``locator``.</doc>
<arguments>
<arg>id=li_menu_Child_24</arg>
</arguments>
<msg timestamp="20200504 17:14:52.279" level="INFO">Clicking element 'id=li_menu_Child_24'.</msg>
<status status="PASS" starttime="20200504 17:14:52.279" endtime="20200504 17:14:54.462"></status>
</kw>
<kw name="Click Element" library="Selenium2Library">
<doc>Click the element identified by ``locator``.</doc>
<arguments>
<arg>id=li_menu_Child_24</arg>
</arguments>
<msg timestamp="20200504 17:14:54.462" level="INFO">Clicking element 'id=li_menu_Child_24'.</msg>
<status status="PASS" starttime="20200504 17:14:54.462" endtime="20200504 17:14:55.769"></status>
</kw>
<kw name="Select Frame" library="Selenium2Library">
<doc>Sets frame identified by ``locator`` as the current frame.</doc>
<arguments>
<arg>id=iframeAmanatService</arg>
</arguments>
<msg timestamp="20200504 17:14:55.769" level="INFO">Selecting frame 'id=iframeAmanatService'.</msg>
<status status="PASS" starttime="20200504 17:14:55.769" endtime="20200504 17:14:55.796"></status>
</kw>
<kw name="Wait Until Element Is Visible" library="Selenium2Library">
<doc>Waits until the element ``locator`` is visible.</doc>
<arguments>
<arg>//*[@id="root"]/div/div/div[2]/div[2]/div[2]/div/div/a/a</arg>
</arguments>
<status status="PASS" starttime="20200504 17:14:55.796" endtime="20200504 17:14:56.037"></status>
</kw>
<kw name="Click Element" library="Selenium2Library">
<doc>Click the element identified by ``locator``.</doc>
<arguments>
<arg>//*[@id="root"]/div/div/div[2]/div[2]/div[2]/div/div/a/a</arg>
</arguments>
<msg timestamp="20200504 17:14:56.037" level="INFO">Clicking element '//*[@id="root"]/div/div/div[2]/div[2]/div[2]/div/div/a/a'.</msg>
<kw name="Capture Page Screenshot" library="Selenium2Library">
<doc>Takes a screenshot of the current page and embeds it into a log file.</doc>
<msg timestamp="20200504 17:14:57.854" level="INFO" html="yes">&lt;/td&gt;&lt;/tr&gt;&lt;tr&gt;&lt;td colspan="3"&gt;&lt;a href="selenium-screenshot-19.png"&gt;&lt;img src="selenium-screenshot-19.png" width="800px"&gt;&lt;/a&gt;</msg>
<status status="PASS" starttime="20200504 17:14:57.141" endtime="20200504 17:14:57.854"></status>
</kw>
<msg timestamp="20200504 17:14:57.872" level="FAIL">ElementClickInterceptedException: Message: element click intercepted: Element &lt;a class="jss74 jss75 jss48 jss59 jss62 jss68 jss77 newLicenseButton" tabindex="-1" role="button" href="/requestsForm"&gt;...&lt;/a&gt; is not clickable at point (223, 194). Other element would receive the click: &lt;div class="request-btns-container"&gt;...&lt;/div&gt;
  (Session info: chrome=81.0.4044.129)
</msg>
<status status="FAIL" starttime="20200504 17:14:56.037" endtime="20200504 17:14:57.872"></status>
</kw>
<status status="FAIL" starttime="20200504 17:14:50.257" endtime="20200504 17:14:57.872"></status>
</kw>
<status status="FAIL" starttime="20200504 17:14:45.463" endtime="20200504 17:14:57.872" critical="yes">ElementClickInterceptedException: Message: element click intercepted: Element &lt;a class="jss74 jss75 jss48 jss59 jss62 jss68 jss77 newLicenseButton" tabindex="-1" role="button" href="/requestsForm"&gt;...&lt;/a&gt; is not clickable at point (223, 194). Other element would receive the click: &lt;div class="request-btns-container"&gt;...&lt;/div&gt;
  (Session info: chrome=81.0.4044.129)
</status>
</test>
<status status="FAIL" starttime="20200504 17:14:32.262" endtime="20200504 17:14:57.873"></status>
</suite>
<statistics>
<total>
<stat pass="0" fail="2">Critical Tests</stat>
<stat pass="0" fail="2">All Tests</stat>
</total>
<tag>
</tag>
<suite>
<stat pass="0" fail="2" id="s1" name="Testcase 01">Testcase 01</stat>
</suite>
</statistics>
<errors>
</errors>
</robot>
